Day: 1
Wind: none

> +-------------+
|2 1 4   1    |
|3           1|
|3     1 2 4  |
|    2 4 3   1|
|  3   1 2 5 2|
|  1 1 3 3    |
|2 4     1   3|
+-------------+

> +-------------+
|. . .   .    |
|.           .|
|.     . . .  |
|    . . .   .|
|  .   . . . .|
|  . . . .    |
|. .     .   .|
+-------------+

> Started a fire

> +-------------+
|2 1 4   1    |
|3           1|
|3     1 2 4  |
|    2 4 3   1|
|  3   1 2 5 2|
|  1 1 3 3    |
|2 4     1   3|
+-------------+

> +-------------+
|. . .   .    |
|.           .|
|.     . . .  |
|    . 1 .   .|
|  .   . . . .|
|  . . . .    |
|. .     .   .|
+-------------+

> Day: 11
Wind: none

> +-------------+
|. . .   .    |
|.           .|
|.     . . .  |
|    . 9 .   .|
|  .   . . . .|
|  . . . .    |
|. .     .   .|
+-------------+

> +-------------+
|2 1 4   1    |
|3           1|
|3     1 2 4  |
|    2 2 3   1|
|  3   1 2 5 2|
|  1 1 3 3    |
|2 4     1   3|
+-------------+

> Day: 12
Wind: none

> +-------------+
|. . .   .    |
|.           .|
|.     . . .  |
|    . 9 .   .|
|  .   . . . .|
|  . . . .    |
|. .     .   .|
+-------------+

> +-------------+
|2 1 4   1    |
|3           1|
|3     1 2 4  |
|    2 1 3   1|
|  3   1 2 5 2|
|  1 1 3 3    |
|2 4     1   3|
+-------------+

> Set wind to all

> Day: 13
Wind: all

> +-------------+
|. . .   .    |
|.           .|
|.     1 . .  |
|    1 x 1   .|
|  .   1 . . .|
|  . . . .    |
|. .     .   .|
+-------------+

> +-------------+
|2 1 4   1    |
|3           1|
|3     1 2 4  |
|    2 x 3   1|
|  3   1 2 5 2|
|  1 1 3 3    |
|2 4     1   3|
+-------------+

> bye
